# JRE version: OpenJDK Runtime Environment (8.0_232-b09) (build 1.8.0_232-b09)
# Java VM: OpenJDK 64-Bit Server VM (25.232-b09 mixed mode bsd-amd64 compressed oops)
Heap:
 PSYoungGen      total 116736K, used 1842K [0x00000007e5d80000, 0x00000007f0800000, 0x00000007f0800000)
  eden space 58880K, 0% used [0x00000007e5d80000,0x00000007e5d80000,0x00000007e9700000)
  from space 57856K, 3% used [0x00000007ecf80000,0x00000007ed14cbc0,0x00000007f0800000)
  to   space 57856K, 0% used [0x00000007e9700000,0x00000007e9700000,0x00000007ecf80000)
 ParOldGen       total 248832K, used 217170K [0x00000007d0800000, 0x00000007dfb00000, 0x00000007e5d80000)
  object space 248832K, 87% used [0x00000007d0800000,0x00000007ddc148f0,0x00000007dfb00000)
 Metaspace       used 86921K, capacity 92902K, committed 93144K, reserved 1130496K
  class space    used 11619K, capacity 12993K, committed 13056K, reserved 1048576K
GC Heap History (10 events):
Event: 19.691 GC heap after
Heap after GC invocations=25 (full 3):
 PSYoungGen      total 110592K, used 21892K [0x00000007e5d80000, 0x00000007f0800000, 0x00000007f0800000)
  eden space 58880K, 0% used [0x00000007e5d80000,0x00000007e5d80000,0x00000007e9700000)
  from space 51712K, 42% used [0x00000007ed580000,0x00000007eeae12a8,0x00000007f0800000)
  to   space 57856K, 0% used [0x00000007e9700000,0x00000007e9700000,0x00000007ecf80000)
 ParOldGen       total 248832K, used 191480K [0x00000007d0800000, 0x00000007dfb00000, 0x00000007e5d80000)
  object space 248832K, 76% used [0x00000007d0800000,0x00000007dc2fe3f0,0x00000007dfb00000)
 Metaspace       used 85585K, capacity 91448K, committed 91736K, reserved 1128448K
  class space    used 11463K, capacity 12839K, committed 12928K, reserved 1048576K
}
Event: 19.809 GC heap before
{Heap before GC invocations=26 (full 3):
 PSYoungGen      total 110592K, used 80772K [0x00000007e5d80000, 0x00000007f0800000, 0x00000007f0800000)
  eden space 58880K, 100% used [0x00000007e5d80000,0x00000007e9700000,0x00000007e9700000)
  from space 51712K, 42% used [0x00000007ed580000,0x00000007eeae12a8,0x00000007f0800000)
  to   space 57856K, 0% used [0x00000007e9700000,0x00000007e9700000,0x00000007ecf80000)
 ParOldGen       total 248832K, used 191480K [0x00000007d0800000, 0x00000007dfb00000, 0x00000007e5d80000)
  object space 248832K, 76% used [0x00000007d0800000,0x00000007dc2fe3f0,0x00000007dfb00000)
 Metaspace       used 85601K, capacity 91448K, committed 91736K, reserved 1128448K
  class space    used 11463K, capacity 12839K, committed 12928K, reserved 1048576K
Event: 19.824 GC heap after
Heap after GC invocations=26 (full 3):
 PSYoungGen      total 116736K, used 8020K [0x00000007e5d80000, 0x00000007f0800000, 0x00000007f0800000)
  eden space 58880K, 0% used [0x00000007e5d80000,0x00000007e5d80000,0x00000007e9700000)
  from space 57856K, 13% used [0x00000007e9700000,0x00000007e9ed5170,0x00000007ecf80000)
  to   space 57856K, 0% used [0x00000007ecf80000,0x00000007ecf80000,0x00000007f0800000)
 ParOldGen       total 248832K, used 212169K [0x00000007d0800000, 0x00000007dfb00000, 0x00000007e5d80000)
  object space 248832K, 85% used [0x00000007d0800000,0x00000007dd7326c0,0x00000007dfb00000)
 Metaspace       used 85601K, capacity 91448K, committed 91736K, reserved 1128448K
  class space    used 11463K, capacity 12839K, committed 12928K, reserved 1048576K
}
Event: 20.532 GC heap before
{Heap before GC invocations=27 (full 3):
 PSYoungGen      total 116736K, used 66900K [0x00000007e5d80000, 0x00000007f0800000, 0x00000007f0800000)
  eden space 58880K, 100% used [0x00000007e5d80000,0x00000007e9700000,0x00000007e9700000)
  from space 57856K, 13% used [0x00000007e9700000,0x00000007e9ed5170,0x00000007ecf80000)
  to   space 57856K, 0% used [0x00000007ecf80000,0x00000007ecf80000,0x00000007f0800000)
 ParOldGen       total 248832K, used 212169K [0x00000007d0800000, 0x00000007dfb00000, 0x00000007e5d80000)
  object space 248832K, 85% used [0x00000007d0800000,0x00000007dd7326c0,0x00000007dfb00000)
 Metaspace       used 86523K, capacity 92460K, committed 92632K, reserved 1128448K
  class space    used 11563K, capacity 12953K, committed 13056K, reserved 1048576K
Event: 20.540 GC heap after
Heap after GC invocations=27 (full 3):
 PSYoungGen      total 116736K, used 3940K [0x00000007e5d80000, 0x00000007f0800000, 0x00000007f0800000)
  eden space 58880K, 0% used [0x00000007e5d80000,0x00000007e5d80000,0x00000007e9700000)
  from space 57856K, 6% used [0x00000007ecf80000,0x00000007ed359168,0x00000007f0800000)
  to   space 57856K, 0% used [0x00000007e9700000,0x00000007e9700000,0x00000007ecf80000)
 ParOldGen       total 248832K, used 212809K [0x00000007d0800000, 0x00000007dfb00000, 0x00000007e5d80000)
  object space 248832K, 85% used [0x00000007d0800000,0x00000007dd7d26c0,0x00000007dfb00000)
 Metaspace       used 86523K, capacity 92460K, committed 92632K, reserved 1128448K
  class space    used 11563K, capacity 12953K, committed 13056K, reserved 1048576K
}
Event: 20.853 GC heap before
{Heap before GC invocations=28 (full 3):
 PSYoungGen      total 116736K, used 62820K [0x00000007e5d80000, 0x00000007f0800000, 0x00000007f0800000)
  eden space 58880K, 100% used [0x00000007e5d80000,0x00000007e9700000,0x00000007e9700000)
  from space 57856K, 6% used [0x00000007ecf80000,0x00000007ed359168,0x00000007f0800000)
  to   space 57856K, 0% used [0x00000007e9700000,0x00000007e9700000,0x00000007ecf80000)
 ParOldGen       total 248832K, used 212809K [0x00000007d0800000, 0x00000007dfb00000, 0x00000007e5d80000)
  object space 248832K, 85% used [0x00000007d0800000,0x00000007dd7d26c0,0x00000007dfb00000)
 Metaspace       used 86599K, capacity 92542K, committed 92888K, reserved 1128448K
  class space    used 11575K, capacity 12956K, committed 13056K, reserved 1048576K
Event: 20.858 GC heap after
Heap after GC invocations=28 (full 3):
 PSYoungGen      total 116736K, used 4256K [0x00000007e5d80000, 0x00000007f0800000, 0x00000007f0800000)
  eden space 58880K, 0% used [0x00000007e5d80000,0x00000007e5d80000,0x00000007e9700000)
  from space 57856K, 7% used [0x00000007e9700000,0x00000007e9b28000,0x00000007ecf80000)
  to   space 57856K, 0% used [0x00000007ecf80000,0x00000007ecf80000,0x00000007f0800000)
 ParOldGen       total 248832K, used 215553K [0x00000007d0800000, 0x00000007dfb00000, 0x00000007e5d80000)
  object space 248832K, 86% used [0x00000007d0800000,0x00000007dda80700,0x00000007dfb00000)
 Metaspace       used 86599K, capacity 92542K, committed 92888K, reserved 1128448K
  class space    used 11575K, capacity 12956K, committed 13056K, reserved 1048576K
}
Event: 21.889 GC heap before
{Heap before GC invocations=29 (full 3):
 PSYoungGen      total 116736K, used 63136K [0x00000007e5d80000, 0x00000007f0800000, 0x00000007f0800000)
  eden space 58880K, 100% used [0x00000007e5d80000,0x00000007e9700000,0x00000007e9700000)
  from space 57856K, 7% used [0x00000007e9700000,0x00000007e9b28000,0x00000007ecf80000)
  to   space 57856K, 0% used [0x00000007ecf80000,0x00000007ecf80000,0x00000007f0800000)
 ParOldGen       total 248832K, used 215553K [0x00000007d0800000, 0x00000007dfb00000, 0x00000007e5d80000)
  object space 248832K, 86% used [0x00000007d0800000,0x00000007dda80700,0x00000007dfb00000)
 Metaspace       used 86921K, capacity 92902K, committed 93144K, reserved 1130496K
  class space    used 11619K, capacity 12993K, committed 13056K, reserved 1048576K
Event: 21.893 GC heap after
Heap after GC invocations=29 (full 3):
 PSYoungGen      total 116736K, used 1842K [0x00000007e5d80000, 0x00000007f0800000, 0x00000007f0800000)
  eden space 58880K, 0% used [0x00000007e5d80000,0x00000007e5d80000,0x00000007e9700000)
  from space 57856K, 3% used [0x00000007ecf80000,0x00000007ed14cbc0,0x00000007f0800000)
  to   space 57856K, 0% used [0x00000007e9700000,0x00000007e9700000,0x00000007ecf80000)
 ParOldGen       total 248832K, used 217170K [0x00000007d0800000, 0x00000007dfb00000, 0x00000007e5d80000)
  object space 248832K, 87% used [0x00000007d0800000,0x00000007ddc148f0,0x00000007dfb00000)
 Metaspace       used 86921K, capacity 92902K, committed 93144K, reserved 1130496K
  class space    used 11619K, capacity 12993K, committed 13056K, reserved 1048576K
}
Event: 21.893 GC heap before
{Heap before GC invocations=30 (full 4):
 PSYoungGen      total 116736K, used 1842K [0x00000007e5d80000, 0x00000007f0800000, 0x00000007f0800000)
  eden space 58880K, 0% used [0x00000007e5d80000,0x00000007e5d80000,0x00000007e9700000)
  from space 57856K, 3% used [0x00000007ecf80000,0x00000007ed14cbc0,0x00000007f0800000)
  to   space 57856K, 0% used [0x00000007e9700000,0x00000007e9700000,0x00000007ecf80000)
 ParOldGen       total 248832K, used 217170K [0x00000007d0800000, 0x00000007dfb00000, 0x00000007e5d80000)
  object space 248832K, 87% used [0x00000007d0800000,0x00000007ddc148f0,0x00000007dfb00000)
 Metaspace       used 86921K, capacity 92902K, committed 93144K, reserved 1130496K
  class space    used 11619K, capacity 12993K, committed 13056K, reserved 1048576K

