# JRE version: OpenJDK Runtime Environment (8.0_232-b09) (build 1.8.0_232-b09)
# Java VM: OpenJDK 64-Bit Server VM (25.232-b09 mixed mode bsd-amd64 compressed oops)
Heap:
 PSYoungGen      total 151552K, used 8704K [0x00000007e5d80000, 0x00000007f0800000, 0x00000007f0800000)
  eden space 131584K, 0% used [0x00000007e5d80000,0x00000007e5d80000,0x00000007ede00000)
  from space 19968K, 43% used [0x00000007ede00000,0x00000007ee6800d0,0x00000007ef180000)
  to   space 19456K, 0% used [0x00000007ef500000,0x00000007ef500000,0x00000007f0800000)
 ParOldGen       total 316928K, used 304807K [0x00000007d0800000, 0x00000007e3d80000, 0x00000007e5d80000)
  object space 316928K, 96% used [0x00000007d0800000,0x00000007e31a9ef8,0x00000007e3d80000)
 Metaspace       used 92944K, capacity 98798K, committed 98944K, reserved 1134592K
  class space    used 12091K, capacity 13410K, committed 13440K, reserved 1048576K
GC Heap History (10 events):
Event: 49.524 GC heap after
Heap after GC invocations=47 (full 4):
 PSYoungGen      total 145920K, used 7010K [0x00000007e5d80000, 0x00000007f0700000, 0x00000007f0800000)
  eden space 121344K, 0% used [0x00000007e5d80000,0x00000007e5d80000,0x00000007ed400000)
  from space 24576K, 28% used [0x00000007ed400000,0x00000007edad8a18,0x00000007eec00000)
  to   space 23040K, 0% used [0x00000007ef080000,0x00000007ef080000,0x00000007f0700000)
 ParOldGen       total 316928K, used 283471K [0x00000007d0800000, 0x00000007e3d80000, 0x00000007e5d80000)
  object space 316928K, 89% used [0x00000007d0800000,0x00000007e1cd3c58,0x00000007e3d80000)
 Metaspace       used 92736K, capacity 98546K, committed 98688K, reserved 1134592K
  class space    used 12091K, capacity 13410K, committed 13440K, reserved 1048576K
}
Event: 49.721 GC heap before
{Heap before GC invocations=48 (full 4):
 PSYoungGen      total 145920K, used 128354K [0x00000007e5d80000, 0x00000007f0700000, 0x00000007f0800000)
  eden space 121344K, 100% used [0x00000007e5d80000,0x00000007ed400000,0x00000007ed400000)
  from space 24576K, 28% used [0x00000007ed400000,0x00000007edad8a18,0x00000007eec00000)
  to   space 23040K, 0% used [0x00000007ef080000,0x00000007ef080000,0x00000007f0700000)
 ParOldGen       total 316928K, used 283471K [0x00000007d0800000, 0x00000007e3d80000, 0x00000007e5d80000)
  object space 316928K, 89% used [0x00000007d0800000,0x00000007e1cd3c58,0x00000007e3d80000)
 Metaspace       used 92782K, capacity 98626K, committed 98688K, reserved 1134592K
  class space    used 12091K, capacity 13410K, committed 13440K, reserved 1048576K
Event: 49.730 GC heap after
Heap after GC invocations=48 (full 4):
 PSYoungGen      total 147456K, used 8885K [0x00000007e5d80000, 0x00000007f0480000, 0x00000007f0800000)
  eden space 126976K, 0% used [0x00000007e5d80000,0x00000007e5d80000,0x00000007ed980000)
  from space 20480K, 43% used [0x00000007ef080000,0x00000007ef92d4a8,0x00000007f0480000)
  to   space 22016K, 0% used [0x00000007ed980000,0x00000007ed980000,0x00000007eef00000)
 ParOldGen       total 316928K, used 287521K [0x00000007d0800000, 0x00000007e3d80000, 0x00000007e5d80000)
  object space 316928K, 90% used [0x00000007d0800000,0x00000007e20c85f0,0x00000007e3d80000)
 Metaspace       used 92782K, capacity 98626K, committed 98688K, reserved 1134592K
  class space    used 12091K, capacity 13410K, committed 13440K, reserved 1048576K
}
Event: 49.931 GC heap before
{Heap before GC invocations=49 (full 4):
 PSYoungGen      total 147456K, used 135861K [0x00000007e5d80000, 0x00000007f0480000, 0x00000007f0800000)
  eden space 126976K, 100% used [0x00000007e5d80000,0x00000007ed980000,0x00000007ed980000)
  from space 20480K, 43% used [0x00000007ef080000,0x00000007ef92d4a8,0x00000007f0480000)
  to   space 22016K, 0% used [0x00000007ed980000,0x00000007ed980000,0x00000007eef00000)
 ParOldGen       total 316928K, used 287521K [0x00000007d0800000, 0x00000007e3d80000, 0x00000007e5d80000)
  object space 316928K, 90% used [0x00000007d0800000,0x00000007e20c85f0,0x00000007e3d80000)
 Metaspace       used 92801K, capacity 98626K, committed 98688K, reserved 1134592K
  class space    used 12091K, capacity 13410K, committed 13440K, reserved 1048576K
Event: 49.943 GC heap after
Heap after GC invocations=49 (full 4):
 PSYoungGen      total 148992K, used 6446K [0x00000007e5d80000, 0x00000007f0780000, 0x00000007f0800000)
  eden space 126976K, 0% used [0x00000007e5d80000,0x00000007e5d80000,0x00000007ed980000)
  from space 22016K, 29% used [0x00000007ed980000,0x00000007edfcbb68,0x00000007eef00000)
  to   space 20992K, 0% used [0x00000007ef300000,0x00000007ef300000,0x00000007f0780000)
 ParOldGen       total 316928K, used 295236K [0x00000007d0800000, 0x00000007e3d80000, 0x00000007e5d80000)
  object space 316928K, 93% used [0x00000007d0800000,0x00000007e28513b8,0x00000007e3d80000)
 Metaspace       used 92801K, capacity 98626K, committed 98688K, reserved 1134592K
  class space    used 12091K, capacity 13410K, committed 13440K, reserved 1048576K
}
Event: 50.141 GC heap before
{Heap before GC invocations=50 (full 4):
 PSYoungGen      total 148992K, used 133422K [0x00000007e5d80000, 0x00000007f0780000, 0x00000007f0800000)
  eden space 126976K, 100% used [0x00000007e5d80000,0x00000007ed980000,0x00000007ed980000)
  from space 22016K, 29% used [0x00000007ed980000,0x00000007edfcbb68,0x00000007eef00000)
  to   space 20992K, 0% used [0x00000007ef300000,0x00000007ef300000,0x00000007f0780000)
 ParOldGen       total 316928K, used 296134K [0x00000007d0800000, 0x00000007e3d80000, 0x00000007e5d80000)
  object space 316928K, 93% used [0x00000007d0800000,0x00000007e2931868,0x00000007e3d80000)
 Metaspace       used 92845K, capacity 98710K, committed 98944K, reserved 1134592K
  class space    used 12091K, capacity 13410K, committed 13440K, reserved 1048576K
Event: 50.156 GC heap after
Heap after GC invocations=50 (full 4):
 PSYoungGen      total 150016K, used 4828K [0x00000007e5d80000, 0x00000007f0500000, 0x00000007f0800000)
  eden space 131584K, 0% used [0x00000007e5d80000,0x00000007e5d80000,0x00000007ede00000)
  from space 18432K, 26% used [0x00000007ef300000,0x00000007ef7b73e8,0x00000007f0500000)
  to   space 19968K, 0% used [0x00000007ede00000,0x00000007ede00000,0x00000007ef180000)
 ParOldGen       total 316928K, used 300996K [0x00000007d0800000, 0x00000007e3d80000, 0x00000007e5d80000)
  object space 316928K, 94% used [0x00000007d0800000,0x00000007e2df1190,0x00000007e3d80000)
 Metaspace       used 92845K, capacity 98710K, committed 98944K, reserved 1134592K
  class space    used 12091K, capacity 13410K, committed 13440K, reserved 1048576K
}
Event: 50.353 GC heap before
{Heap before GC invocations=51 (full 4):
 PSYoungGen      total 150016K, used 136412K [0x00000007e5d80000, 0x00000007f0500000, 0x00000007f0800000)
  eden space 131584K, 100% used [0x00000007e5d80000,0x00000007ede00000,0x00000007ede00000)
  from space 18432K, 26% used [0x00000007ef300000,0x00000007ef7b73e8,0x00000007f0500000)
  to   space 19968K, 0% used [0x00000007ede00000,0x00000007ede00000,0x00000007ef180000)
 ParOldGen       total 316928K, used 300998K [0x00000007d0800000, 0x00000007e3d80000, 0x00000007e5d80000)
  object space 316928K, 94% used [0x00000007d0800000,0x00000007e2df19e8,0x00000007e3d80000)
 Metaspace       used 92944K, capacity 98798K, committed 98944K, reserved 1134592K
  class space    used 12091K, capacity 13410K, committed 13440K, reserved 1048576K
Event: 50.372 GC heap after
Heap after GC invocations=51 (full 4):
 PSYoungGen      total 151552K, used 8704K [0x00000007e5d80000, 0x00000007f0800000, 0x00000007f0800000)
  eden space 131584K, 0% used [0x00000007e5d80000,0x00000007e5d80000,0x00000007ede00000)
  from space 19968K, 43% used [0x00000007ede00000,0x00000007ee6800d0,0x00000007ef180000)
  to   space 19456K, 0% used [0x00000007ef500000,0x00000007ef500000,0x00000007f0800000)
 ParOldGen       total 316928K, used 304807K [0x00000007d0800000, 0x00000007e3d80000, 0x00000007e5d80000)
  object space 316928K, 96% used [0x00000007d0800000,0x00000007e31a9ef8,0x00000007e3d80000)
 Metaspace       used 92944K, capacity 98798K, committed 98944K, reserved 1134592K
  class space    used 12091K, capacity 13410K, committed 13440K, reserved 1048576K
}
Event: 50.372 GC heap before
{Heap before GC invocations=52 (full 5):
 PSYoungGen      total 151552K, used 8704K [0x00000007e5d80000, 0x00000007f0800000, 0x00000007f0800000)
  eden space 131584K, 0% used [0x00000007e5d80000,0x00000007e5d80000,0x00000007ede00000)
  from space 19968K, 43% used [0x00000007ede00000,0x00000007ee6800d0,0x00000007ef180000)
  to   space 19456K, 0% used [0x00000007ef500000,0x00000007ef500000,0x00000007f0800000)
 ParOldGen       total 316928K, used 304807K [0x00000007d0800000, 0x00000007e3d80000, 0x00000007e5d80000)
  object space 316928K, 96% used [0x00000007d0800000,0x00000007e31a9ef8,0x00000007e3d80000)
 Metaspace       used 92944K, capacity 98798K, committed 98944K, reserved 1134592K
  class space    used 12091K, capacity 13410K, committed 13440K, reserved 1048576K

